<?xml version="1.0" encoding="UTF-8"?>
<!-- Generated by org.testng.reporters.JUnitReportReporter -->
<testsuite skipped="0" hostname="DESKTOP-UODP211" name="testng.CardTest" tests="1" failures="0" timestamp="2 Apr 2022 16:56:13 GMT" time="0.006" errors="0">
  <testcase name="CreditCardTest" time="0.006" classname="testng.CardTest"/>
</testsuite> <!-- testng.CardTest -->
