<?xml version="1.0" encoding="UTF-8"?>
<!-- Generated by org.testng.reporters.JUnitReportReporter -->
<testsuite skipped="0" hostname="DESKTOP-UODP211" name="testng.LoginTest" tests="1" failures="0" timestamp="04 Apr 2022 14:25:19 GMT" time="11.206" errors="0">
  <testcase name="LoginTestcase1" time="11.206" classname="testng.LoginTest"/>
</testsuite> <!-- testng.LoginTest -->
