<?xml version="1.0" encoding="UTF-8"?>
<!-- Generated by org.testng.reporters.JUnitReportReporter -->
<testsuite skipped="0" hostname="DESKTOP-UODP211" name="testng.LoanTest" tests="1" failures="0" timestamp="04 Apr 2022 14:25:19 GMT" time="0.000" errors="0">
  <testcase name="HomeLoanTest" time="0.000" classname="testng.LoanTest"/>
</testsuite> <!-- testng.LoanTest -->
