<?xml version="1.0" encoding="UTF-8"?>
<!-- Generated by org.testng.reporters.JUnitReportReporter -->
<testsuite skipped="0" hostname="DESKTOP-UODP211" name="testng.CardTest" tests="1" failures="0" timestamp="02 Apr 2022 16:59:39 GMT" time="0.003" errors="0">
  <testcase name="CreditCardTest" time="0.003" classname="testng.CardTest"/>
</testsuite> <!-- testng.CardTest -->
