<?xml version="1.0" encoding="UTF-8"?>
<!-- Generated by org.testng.reporters.JUnitReportReporter -->
<testsuite skipped="0" hostname="DESKTOP-UODP211" name="testng.LoginTest" tests="1" failures="0" timestamp="02 Apr 2022 16:59:39 GMT" time="28.358" errors="0">
  <testcase name="LoginTestcase1" time="28.358" classname="testng.LoginTest"/>
</testsuite> <!-- testng.LoginTest -->
